<?xml version="1.0" encoding="UTF-8"?>
<!-- Generated by org.testng.reporters.JUnitReportReporter -->
<testsuite hostname="Shruthi-PC" failures="0" tests="2" name="testngsessions.GoogleTest" time="0.139" errors="0" timestamp="2024-02-23T10:49:00 GMT-05:00" skipped="0">
  <testcase classname="testngsessions.GoogleTest" name="searchExistTest" time="0.095"/>
  <testcase classname="testngsessions.GoogleTest" name="googleTitle" time="0.044"/>
</testsuite> <!-- testngsessions.GoogleTest -->
