<?xml version="1.0" encoding="UTF-8"?>
<!-- Generated by org.testng.reporters.JUnitReportReporter -->
<testsuite hostname="Shruthi-PC" failures="0" tests="1" name="testngsessions.AmazonTest" time="0.013" errors="0" timestamp="2024-02-23T10:49:00 GMT-05:00" skipped="0">
  <testcase classname="testngsessions.AmazonTest" name="amazonTitle" time="0.013"/>
</testsuite> <!-- testngsessions.AmazonTest -->
